<?xml version="1.0" encoding="UTF-8"?>
<!-- Generated by org.testng.reporters.JUnitReportReporter -->
<testsuite hostname="DESKTOP-QBPDHSL" failures="0" tests="1" name="Framework_Designing.E2E_Framework2.NavigationBarTest" time="0.317" errors="0" timestamp="2022-08-26T16:07:45 IST" skipped="0">
  <testcase classname="Framework_Designing.E2E_Framework2.NavigationBarTest" name="menuTest" time="0.317"/>
  <system-out/>
</testsuite> <!-- Framework_Designing.E2E_Framework2.NavigationBarTest -->
